<?xml version="1.0" encoding="utf-8"?>
<TestRun id="55741fdf-91bf-4958-8b46-c6ac48af6aa2" name="@05502d49c65f 2026-04-16 12:02:40" xmlns="http://microsoft.com/schemas/VisualStudio/TeamTest/2010">
  <Times creation="2026-04-16T12:02:40.2967816+00:00" queuing="2026-04-16T12:02:40.2967817+00:00" start="2026-04-16T12:02:39.5879753+00:00" finish="2026-04-16T12:02:40.3425379+00:00" />
  <TestSettings name="default" id="96c7c0d4-87cd-407d-b6b6-1f100c7d43a0">
    <Deployment runDeploymentRoot="_05502d49c65f_2026-04-16_12_02_40" />
  </TestSettings>
  <Results>
    <UnitTestResult executionId="ed076284-eb87-45cd-84db-4f6a3a1e5ee3" testId="3f28e396-d68f-5d58-c91c-0556500b1cbb" testName="DialMock.Tests.DialEngineTests.BuildDrawing_Middle_Value_Places_Needle_At_Top" computerName="05502d49c65f" duration="00:00:00.0005333" startTime="2026-04-16T12:02:40.2338697+00:00" endTime="2026-04-16T12:02:40.2345801+00:00" testType="13cdc9d9-ddb5-4fa4-a97d-d965ccfc6d4b" outcome="Passed" testListId="8c84fa94-04c1-424b-9868-57a2d4851a1d" relativeResultsDirectory="ed076284-eb87-45cd-84db-4f6a3a1e5ee3" />
    <UnitTestResult executionId="d946bfb3-dbb2-4e47-98fd-dd699f130324" testId="d5c14235-6ff8-5a5b-0e14-393ce9a4f86c" testName="DialMock.Tests.DialRuleEngineTests.Validate_Returns_Valid_For_Correct_Spec" computerName="05502d49c65f" duration="00:00:00.0048416" startTime="2026-04-16T12:02:40.2063394+00:00" endTime="2026-04-16T12:02:40.2193420+00:00" testType="13cdc9d9-ddb5-4fa4-a97d-d965ccfc6d4b" outcome="Passed" testListId="8c84fa94-04c1-424b-9868-57a2d4851a1d" relativeResultsDirectory="d946bfb3-dbb2-4e47-98fd-dd699f130324" />
    <UnitTestResult executionId="a1846c9d-81b0-4aac-be13-397aadedd1ee" testId="504b35e0-4feb-6d87-95a3-ff6d5f9dd72c" testName="DialMock.Tests.DialEngineTests.BuildDrawing_Creates_One_Arc" computerName="05502d49c65f" duration="00:00:00.0044308" startTime="2026-04-16T12:02:40.2675756+00:00" endTime="2026-04-16T12:02:40.2676538+00:00" testType="13cdc9d9-ddb5-4fa4-a97d-d965ccfc6d4b" outcome="Passed" testListId="8c84fa94-04c1-424b-9868-57a2d4851a1d" relativeResultsDirectory="a1846c9d-81b0-4aac-be13-397aadedd1ee" />
    <UnitTestResult executionId="5718eabb-035a-4559-a68c-baefb625c1bf" testId="b093672c-83f4-27c2-199a-eabfa989bc9d" testName="DialMock.Tests.DialEngineTests.BuildDrawing_Min_Value_Places_Needle_On_Left_Upper_Side" computerName="05502d49c65f" duration="00:00:00.0067016" startTime="2026-04-16T12:02:40.2047342+00:00" endTime="2026-04-16T12:02:40.2231853+00:00" testType="13cdc9d9-ddb5-4fa4-a97d-d965ccfc6d4b" outcome="Passed" testListId="8c84fa94-04c1-424b-9868-57a2d4851a1d" relativeResultsDirectory="5718eabb-035a-4559-a68c-baefb625c1bf" />
    <UnitTestResult executionId="353599e0-050e-452e-915f-ab4ae62a1e98" testId="26de4724-79b2-0c5a-2842-bbfeed88ebd6" testName="DialMock.Tests.DialEngineTests.BuildDrawing_Max_Value_Places_Needle_On_Right_Upper_Side" computerName="05502d49c65f" duration="00:00:00.0002264" startTime="2026-04-16T12:02:40.2365960+00:00" endTime="2026-04-16T12:02:40.2366481+00:00" testType="13cdc9d9-ddb5-4fa4-a97d-d965ccfc6d4b" outcome="Passed" testListId="8c84fa94-04c1-424b-9868-57a2d4851a1d" relativeResultsDirectory="353599e0-050e-452e-915f-ab4ae62a1e98" />
    <UnitTestResult executionId="12f00bc3-8bbb-4316-b71c-1c45b601aef4" testId="89fe326b-8c48-4e70-6cf4-9bc797cdcbf9" testName="DialMock.Tests.DialEngineTests.BuildDrawing_Creates_Expected_Number_Of_Tick_Lines_And_One_Needle" computerName="05502d49c65f" duration="00:00:00.0001592" startTime="2026-04-16T12:02:40.2367825+00:00" endTime="2026-04-16T12:02:40.2368458+00:00" testType="13cdc9d9-ddb5-4fa4-a97d-d965ccfc6d4b" outcome="Passed" testListId="8c84fa94-04c1-424b-9868-57a2d4851a1d" relativeResultsDirectory="12f00bc3-8bbb-4316-b71c-1c45b601aef4" />
    <UnitTestResult executionId="9bb43cf9-3814-42b0-8a1d-53e69cc60361" testId="c453fbf6-8cfb-af78-65a1-1734e6e5eab9" testName="DialMock.Tests.DialRuleEngineTests.Validate_Returns_Invalid_When_Preview_Is_Out_Of_Range" computerName="05502d49c65f" duration="00:00:00.0001032" startTime="2026-04-16T12:02:40.2345290+00:00" endTime="2026-04-16T12:02:40.2347205+00:00" testType="13cdc9d9-ddb5-4fa4-a97d-d965ccfc6d4b" outcome="Passed" testListId="8c84fa94-04c1-424b-9868-57a2d4851a1d" relativeResultsDirectory="9bb43cf9-3814-42b0-8a1d-53e69cc60361" />
    <UnitTestResult executionId="89156e98-9997-42dd-832e-3418a36d4947" testId="e1d96cce-6f9a-bff0-c481-69cf35294f79" testName="DialMock.Tests.DialRuleEngineTests.Validate_Returns_Invalid_When_Max_Is_Not_Greater_Than_Min" computerName="05502d49c65f" duration="00:00:00.0004256" startTime="2026-04-16T12:02:40.2339017+00:00" endTime="2026-04-16T12:02:40.2340046+00:00" testType="13cdc9d9-ddb5-4fa4-a97d-d965ccfc6d4b" outcome="Passed" testListId="8c84fa94-04c1-424b-9868-57a2d4851a1d" relativeResultsDirectory="89156e98-9997-42dd-832e-3418a36d4947" />
    <UnitTestResult executionId="d9b36a43-eb57-4461-a1fe-985c1e3c7ad7" testId="dcac1263-06d1-03af-f4c5-93d233f2eaa0" testName="DialMock.Tests.DialEngineTests.BuildDrawing_Creates_Expected_Number_Of_Labels" computerName="05502d49c65f" duration="00:00:00.0027364" startTime="2026-04-16T12:02:40.2347523+00:00" endTime="2026-04-16T12:02:40.2364355+00:00" testType="13cdc9d9-ddb5-4fa4-a97d-d965ccfc6d4b" outcome="Passed" testListId="8c84fa94-04c1-424b-9868-57a2d4851a1d" relativeResultsDirectory="d9b36a43-eb57-4461-a1fe-985c1e3c7ad7" />
    <UnitTestResult executionId="3a046c8f-c3e4-400e-9a86-b1333f5f4319" testId="7a176630-8bef-f516-fcac-d0ee855ab2f8" testName="DialMock.Tests.DialRuleEngineTests.Validate_Returns_Invalid_When_MajorTickCount_Is_Too_Low" computerName="05502d49c65f" duration="00:00:00.0000897" startTime="2026-04-16T12:02:40.2348994+00:00" endTime="2026-04-16T12:02:40.2349838+00:00" testType="13cdc9d9-ddb5-4fa4-a97d-d965ccfc6d4b" outcome="Passed" testListId="8c84fa94-04c1-424b-9868-57a2d4851a1d" relativeResultsDirectory="3a046c8f-c3e4-400e-9a86-b1333f5f4319" />
  </Results>
  <TestDefinitions>
    <UnitTest name="DialMock.Tests.DialEngineTests.BuildDrawing_Creates_Expected_Number_Of_Tick_Lines_And_One_Needle" storage="/src/dialmock.tests/bin/release/net10.0/dialmock.tests.dll" id="89fe326b-8c48-4e70-6cf4-9bc797cdcbf9">
      <Execution id="12f00bc3-8bbb-4316-b71c-1c45b601aef4" />
      <TestMethod codeBase="/src/DialMock.Tests/bin/Release/net10.0/DialMock.Tests.dll" adapterTypeName="executor://xunit/VsTestRunner3/netcore/" className="DialMock.Tests.DialEngineTests" name="BuildDrawing_Creates_Expected_Number_Of_Tick_Lines_And_One_Needle" />
    </UnitTest>
    <UnitTest name="DialMock.Tests.DialEngineTests.BuildDrawing_Min_Value_Places_Needle_On_Left_Upper_Side" storage="/src/dialmock.tests/bin/release/net10.0/dialmock.tests.dll" id="b093672c-83f4-27c2-199a-eabfa989bc9d">
      <Execution id="5718eabb-035a-4559-a68c-baefb625c1bf" />
      <TestMethod codeBase="/src/DialMock.Tests/bin/Release/net10.0/DialMock.Tests.dll" adapterTypeName="executor://xunit/VsTestRunner3/netcore/" className="DialMock.Tests.DialEngineTests" name="BuildDrawing_Min_Value_Places_Needle_On_Left_Upper_Side" />
    </UnitTest>
    <UnitTest name="DialMock.Tests.DialEngineTests.BuildDrawing_Max_Value_Places_Needle_On_Right_Upper_Side" storage="/src/dialmock.tests/bin/release/net10.0/dialmock.tests.dll" id="26de4724-79b2-0c5a-2842-bbfeed88ebd6">
      <Execution id="353599e0-050e-452e-915f-ab4ae62a1e98" />
      <TestMethod codeBase="/src/DialMock.Tests/bin/Release/net10.0/DialMock.Tests.dll" adapterTypeName="executor://xunit/VsTestRunner3/netcore/" className="DialMock.Tests.DialEngineTests" name="BuildDrawing_Max_Value_Places_Needle_On_Right_Upper_Side" />
    </UnitTest>
    <UnitTest name="DialMock.Tests.DialEngineTests.BuildDrawing_Creates_One_Arc" storage="/src/dialmock.tests/bin/release/net10.0/dialmock.tests.dll" id="504b35e0-4feb-6d87-95a3-ff6d5f9dd72c">
      <Execution id="a1846c9d-81b0-4aac-be13-397aadedd1ee" />
      <TestMethod codeBase="/src/DialMock.Tests/bin/Release/net10.0/DialMock.Tests.dll" adapterTypeName="executor://xunit/VsTestRunner3/netcore/" className="DialMock.Tests.DialEngineTests" name="BuildDrawing_Creates_One_Arc" />
    </UnitTest>
    <UnitTest name="DialMock.Tests.DialRuleEngineTests.Validate_Returns_Invalid_When_MajorTickCount_Is_Too_Low" storage="/src/dialmock.tests/bin/release/net10.0/dialmock.tests.dll" id="7a176630-8bef-f516-fcac-d0ee855ab2f8">
      <Execution id="3a046c8f-c3e4-400e-9a86-b1333f5f4319" />
      <TestMethod codeBase="/src/DialMock.Tests/bin/Release/net10.0/DialMock.Tests.dll" adapterTypeName="executor://xunit/VsTestRunner3/netcore/" className="DialMock.Tests.DialRuleEngineTests" name="Validate_Returns_Invalid_When_MajorTickCount_Is_Too_Low" />
    </UnitTest>
    <UnitTest name="DialMock.Tests.DialEngineTests.BuildDrawing_Creates_Expected_Number_Of_Labels" storage="/src/dialmock.tests/bin/release/net10.0/dialmock.tests.dll" id="dcac1263-06d1-03af-f4c5-93d233f2eaa0">
      <Execution id="d9b36a43-eb57-4461-a1fe-985c1e3c7ad7" />
      <TestMethod codeBase="/src/DialMock.Tests/bin/Release/net10.0/DialMock.Tests.dll" adapterTypeName="executor://xunit/VsTestRunner3/netcore/" className="DialMock.Tests.DialEngineTests" name="BuildDrawing_Creates_Expected_Number_Of_Labels" />
    </UnitTest>
    <UnitTest name="DialMock.Tests.DialRuleEngineTests.Validate_Returns_Valid_For_Correct_Spec" storage="/src/dialmock.tests/bin/release/net10.0/dialmock.tests.dll" id="d5c14235-6ff8-5a5b-0e14-393ce9a4f86c">
      <Execution id="d946bfb3-dbb2-4e47-98fd-dd699f130324" />
      <TestMethod codeBase="/src/DialMock.Tests/bin/Release/net10.0/DialMock.Tests.dll" adapterTypeName="executor://xunit/VsTestRunner3/netcore/" className="DialMock.Tests.DialRuleEngineTests" name="Validate_Returns_Valid_For_Correct_Spec" />
    </UnitTest>
    <UnitTest name="DialMock.Tests.DialEngineTests.BuildDrawing_Middle_Value_Places_Needle_At_Top" storage="/src/dialmock.tests/bin/release/net10.0/dialmock.tests.dll" id="3f28e396-d68f-5d58-c91c-0556500b1cbb">
      <Execution id="ed076284-eb87-45cd-84db-4f6a3a1e5ee3" />
      <TestMethod codeBase="/src/DialMock.Tests/bin/Release/net10.0/DialMock.Tests.dll" adapterTypeName="executor://xunit/VsTestRunner3/netcore/" className="DialMock.Tests.DialEngineTests" name="BuildDrawing_Middle_Value_Places_Needle_At_Top" />
    </UnitTest>
    <UnitTest name="DialMock.Tests.DialRuleEngineTests.Validate_Returns_Invalid_When_Preview_Is_Out_Of_Range" storage="/src/dialmock.tests/bin/release/net10.0/dialmock.tests.dll" id="c453fbf6-8cfb-af78-65a1-1734e6e5eab9">
      <Execution id="9bb43cf9-3814-42b0-8a1d-53e69cc60361" />
      <TestMethod codeBase="/src/DialMock.Tests/bin/Release/net10.0/DialMock.Tests.dll" adapterTypeName="executor://xunit/VsTestRunner3/netcore/" className="DialMock.Tests.DialRuleEngineTests" name="Validate_Returns_Invalid_When_Preview_Is_Out_Of_Range" />
    </UnitTest>
    <UnitTest name="DialMock.Tests.DialRuleEngineTests.Validate_Returns_Invalid_When_Max_Is_Not_Greater_Than_Min" storage="/src/dialmock.tests/bin/release/net10.0/dialmock.tests.dll" id="e1d96cce-6f9a-bff0-c481-69cf35294f79">
      <Execution id="89156e98-9997-42dd-832e-3418a36d4947" />
      <TestMethod codeBase="/src/DialMock.Tests/bin/Release/net10.0/DialMock.Tests.dll" adapterTypeName="executor://xunit/VsTestRunner3/netcore/" className="DialMock.Tests.DialRuleEngineTests" name="Validate_Returns_Invalid_When_Max_Is_Not_Greater_Than_Min" />
    </UnitTest>
  </TestDefinitions>
  <TestEntries>
    <TestEntry testId="3f28e396-d68f-5d58-c91c-0556500b1cbb" executionId="ed076284-eb87-45cd-84db-4f6a3a1e5ee3" testListId="8c84fa94-04c1-424b-9868-57a2d4851a1d" />
    <TestEntry testId="d5c14235-6ff8-5a5b-0e14-393ce9a4f86c" executionId="d946bfb3-dbb2-4e47-98fd-dd699f130324" testListId="8c84fa94-04c1-424b-9868-57a2d4851a1d" />
    <TestEntry testId="504b35e0-4feb-6d87-95a3-ff6d5f9dd72c" executionId="a1846c9d-81b0-4aac-be13-397aadedd1ee" testListId="8c84fa94-04c1-424b-9868-57a2d4851a1d" />
    <TestEntry testId="b093672c-83f4-27c2-199a-eabfa989bc9d" executionId="5718eabb-035a-4559-a68c-baefb625c1bf" testListId="8c84fa94-04c1-424b-9868-57a2d4851a1d" />
    <TestEntry testId="26de4724-79b2-0c5a-2842-bbfeed88ebd6" executionId="353599e0-050e-452e-915f-ab4ae62a1e98" testListId="8c84fa94-04c1-424b-9868-57a2d4851a1d" />
    <TestEntry testId="89fe326b-8c48-4e70-6cf4-9bc797cdcbf9" executionId="12f00bc3-8bbb-4316-b71c-1c45b601aef4" testListId="8c84fa94-04c1-424b-9868-57a2d4851a1d" />
    <TestEntry testId="c453fbf6-8cfb-af78-65a1-1734e6e5eab9" executionId="9bb43cf9-3814-42b0-8a1d-53e69cc60361" testListId="8c84fa94-04c1-424b-9868-57a2d4851a1d" />
    <TestEntry testId="e1d96cce-6f9a-bff0-c481-69cf35294f79" executionId="89156e98-9997-42dd-832e-3418a36d4947" testListId="8c84fa94-04c1-424b-9868-57a2d4851a1d" />
    <TestEntry testId="dcac1263-06d1-03af-f4c5-93d233f2eaa0" executionId="d9b36a43-eb57-4461-a1fe-985c1e3c7ad7" testListId="8c84fa94-04c1-424b-9868-57a2d4851a1d" />
    <TestEntry testId="7a176630-8bef-f516-fcac-d0ee855ab2f8" executionId="3a046c8f-c3e4-400e-9a86-b1333f5f4319" testListId="8c84fa94-04c1-424b-9868-57a2d4851a1d" />
  </TestEntries>
  <TestLists>
    <TestList name="Results Not in a List" id="8c84fa94-04c1-424b-9868-57a2d4851a1d" />
    <TestList name="All Loaded Results" id="19431567-8539-422a-85d7-44ee4e166bda" />
  </TestLists>
  <ResultSummary outcome="Completed">
    <Counters total="10" executed="10" passed="10" failed="0" error="0" timeout="0" aborted="0" inconclusive="0" passedButRunAborted="0" notRunnable="0" notExecuted="0" disconnected="0" warning="0" completed="0" inProgress="0" pending="0" />
    <Output>
      <StdOut>[xUnit.net 00:00:00.00] xUnit.net VSTest Adapter v3.1.4+50e68bbb8b (64-bit .NET 10.0.6)
[xUnit.net 00:00:00.08]   Discovering: DialMock.Tests
[xUnit.net 00:00:00.13]   Discovered:  DialMock.Tests
[xUnit.net 00:00:00.15]   Starting:    DialMock.Tests
[xUnit.net 00:00:00.24]   Finished:    DialMock.Tests
</StdOut>
    </Output>
  </ResultSummary>
</TestRun>